<?xml version="1.0" encoding="UTF-8"?>
<!-- Generated by org.testng.reporters.JUnitReportReporter -->
<testsuite hostname="LAPTOP-P2QE43U4" failures="0" tests="10" name="cucumberoptions.TestNgRunner" time="632.186" errors="0" timestamp="2024-08-20T19:13:20 CDT" skipped="0">
  <testcase classname="cucumberoptions.TestNgRunner" name="runScenario" time="62.668"/>
  <testcase classname="cucumberoptions.TestNgRunner" name="runScenario" time="63.320"/>
  <testcase classname="cucumberoptions.TestNgRunner" name="runScenario" time="63.401"/>
  <testcase classname="cucumberoptions.TestNgRunner" name="runScenario" time="63.561"/>
  <testcase classname="cucumberoptions.TestNgRunner" name="runScenario" time="63.225"/>
  <testcase classname="cucumberoptions.TestNgRunner" name="runScenario" time="62.834"/>
  <testcase classname="cucumberoptions.TestNgRunner" name="runScenario" time="63.198"/>
  <testcase classname="cucumberoptions.TestNgRunner" name="runScenario" time="63.393"/>
  <testcase classname="cucumberoptions.TestNgRunner" name="runScenario" time="63.488"/>
  <testcase classname="cucumberoptions.TestNgRunner" name="runScenario" time="63.098"/>
</testsuite> <!-- cucumberoptions.TestNgRunner -->
