<?xml version="1.0" encoding="UTF-8"?>
<!-- Generated by org.testng.reporters.JUnitReportReporter -->
<testsuite hostname="LAPTOP-P2QE43U4" failures="0" tests="11" name="cucumberoptions.TestNgRunner" time="572.468" errors="0" timestamp="2024-08-23T10:43:55 CDT" skipped="0">
  <testcase classname="cucumberoptions.TestNgRunner" name="runScenario" time="58.913"/>
  <testcase classname="cucumberoptions.TestNgRunner" name="runScenario" time="58.614"/>
  <testcase classname="cucumberoptions.TestNgRunner" name="runScenario" time="58.721"/>
  <testcase classname="cucumberoptions.TestNgRunner" name="runScenario" time="54.575"/>
  <testcase classname="cucumberoptions.TestNgRunner" name="runScenario" time="55.282"/>
  <testcase classname="cucumberoptions.TestNgRunner" name="runScenario" time="56.956"/>
  <testcase classname="cucumberoptions.TestNgRunner" name="runScenario" time="55.935"/>
  <testcase classname="cucumberoptions.TestNgRunner" name="runScenario" time="56.037"/>
  <testcase classname="cucumberoptions.TestNgRunner" name="runScenario" time="6.304"/>
  <testcase classname="cucumberoptions.TestNgRunner" name="runScenario" time="58.462"/>
  <testcase classname="cucumberoptions.TestNgRunner" name="runScenario" time="52.669"/>
</testsuite> <!-- cucumberoptions.TestNgRunner -->
