<?xml version="1.0" encoding="UTF-8"?>
<!-- Generated by org.testng.reporters.JUnitReportReporter -->
<testsuite hostname="Chaya" failures="0" tests="4" name="cucumberoptions.TestNgRunner" time="39.360" errors="0" timestamp="2024-09-08T12:45:09 EDT" skipped="0">
  <testcase classname="cucumberoptions.TestNgRunner" name="runScenario" time="9.732"/>
  <testcase classname="cucumberoptions.TestNgRunner" name="runScenario" time="9.742"/>
  <testcase classname="cucumberoptions.TestNgRunner" name="runScenario" time="9.896"/>
  <testcase classname="cucumberoptions.TestNgRunner" name="runScenario" time="9.990"/>
</testsuite> <!-- cucumberoptions.TestNgRunner -->
