<?xml version="1.0" encoding="UTF-8"?>
<!-- Generated by org.testng.reporters.JUnitReportReporter -->
<testsuite hostname="LAPTOP-P2QE43U4" failures="0" tests="2" name="cucumberoptions.TestNgRunner" time="33.198" errors="0" timestamp="2024-08-25T23:34:11 CDT" skipped="0">
  <testcase classname="cucumberoptions.TestNgRunner" name="runScenario" time="16.681"/>
  <testcase classname="cucumberoptions.TestNgRunner" name="runScenario" time="16.517"/>
</testsuite> <!-- cucumberoptions.TestNgRunner -->
