<?xml version="1.0" encoding="UTF-8"?>
<!-- Generated by org.testng.reporters.JUnitReportReporter -->
<testsuite hostname="LAPTOP-P2QE43U4" failures="0" tests="10" name="cucumberoptions.TestNgRunner" time="664.405" errors="0" timestamp="2024-08-21T11:50:28 CDT" skipped="0">
  <testcase classname="cucumberoptions.TestNgRunner" name="runScenario" time="66.753"/>
  <testcase classname="cucumberoptions.TestNgRunner" name="runScenario" time="65.701"/>
  <testcase classname="cucumberoptions.TestNgRunner" name="runScenario" time="66.747"/>
  <testcase classname="cucumberoptions.TestNgRunner" name="runScenario" time="67.021"/>
  <testcase classname="cucumberoptions.TestNgRunner" name="runScenario" time="65.268"/>
  <testcase classname="cucumberoptions.TestNgRunner" name="runScenario" time="67.049"/>
  <testcase classname="cucumberoptions.TestNgRunner" name="runScenario" time="65.752"/>
  <testcase classname="cucumberoptions.TestNgRunner" name="runScenario" time="66.688"/>
  <testcase classname="cucumberoptions.TestNgRunner" name="runScenario" time="66.527"/>
  <testcase classname="cucumberoptions.TestNgRunner" name="runScenario" time="66.899"/>
</testsuite> <!-- cucumberoptions.TestNgRunner -->
