<?xml version="1.0" encoding="UTF-8"?>
<!-- Generated by org.testng.reporters.JUnitReportReporter -->
<testsuite hostname="LAPTOP-P2QE43U4" failures="0" tests="10" name="cucumberoptions.TestNgRunner" time="694.699" errors="0" timestamp="2024-08-21T10:23:12 CDT" skipped="0">
  <testcase classname="cucumberoptions.TestNgRunner" name="runScenario" time="70.427"/>
  <testcase classname="cucumberoptions.TestNgRunner" name="runScenario" time="70.603"/>
  <testcase classname="cucumberoptions.TestNgRunner" name="runScenario" time="70.361"/>
  <testcase classname="cucumberoptions.TestNgRunner" name="runScenario" time="70.318"/>
  <testcase classname="cucumberoptions.TestNgRunner" name="runScenario" time="70.293"/>
  <testcase classname="cucumberoptions.TestNgRunner" name="runScenario" time="69.891"/>
  <testcase classname="cucumberoptions.TestNgRunner" name="runScenario" time="67.951"/>
  <testcase classname="cucumberoptions.TestNgRunner" name="runScenario" time="67.467"/>
  <testcase classname="cucumberoptions.TestNgRunner" name="runScenario" time="70.577"/>
  <testcase classname="cucumberoptions.TestNgRunner" name="runScenario" time="66.811"/>
</testsuite> <!-- cucumberoptions.TestNgRunner -->
